2026-02-10 22:45:56,525 - INFO - Obteniendo archivos del pipeline YAML...
2026-02-10 22:45:56,529 - INFO - Encontrados 3 archivo(s) para analizar
2026-02-10 22:45:56,529 - INFO - Analizando archivo: data\input\cliente.csv
2026-02-10 22:45:56,530 - WARNING - \u2717 cliente.csv: Archivo no encontrado
2026-02-10 22:45:56,531 - INFO - Analizando archivo: data\input\cliente.csv
2026-02-10 22:45:56,531 - WARNING - \u2717 cliente.csv: Archivo no encontrado
2026-02-10 22:45:56,532 - INFO - Analizando archivo: data\input\productos.csv
2026-02-10 22:45:56,532 - WARNING - \u2717 productos.csv: Archivo no encontrado
2026-02-10 22:45:56,532 - INFO - Creando DataFrame con todos los metadatos...
2026-02-10 22:45:56,542 - INFO - Resumen del análisis:
2026-02-10 22:45:56,542 - INFO - - Total archivos procesados: 3
2026-02-10 22:45:56,558 - ERROR - Error en el pipeline principal: unable to find column "valid_csv"; valid columns: ["file_name", "file_path", "exists", "error"]
2026-02-10 22:53:17,307 - INFO - Obteniendo archivos del pipeline YAML...
2026-02-10 22:53:17,309 - INFO - Encontrados 3 archivo(s) para analizar
2026-02-10 22:53:17,310 - INFO - Analizando archivo: data\input\cliente.csv
2026-02-10 22:53:17,310 - WARNING - \u2717 cliente.csv: Archivo no encontrado
2026-02-10 22:53:17,310 - INFO - Analizando archivo: data\input\cliente.csv
2026-02-10 22:53:17,311 - WARNING - \u2717 cliente.csv: Archivo no encontrado
2026-02-10 22:53:17,311 - INFO - Analizando archivo: data\input\productos.csv
2026-02-10 22:53:17,311 - WARNING - \u2717 productos.csv: Archivo no encontrado
2026-02-10 22:53:17,311 - INFO - Creando DataFrame con todos los metadatos...
2026-02-10 22:53:17,311 - INFO - Resumen del análisis:
2026-02-10 22:53:17,311 - INFO - - Total archivos procesados: 3
2026-02-10 22:53:17,313 - ERROR - Error en el pipeline principal: unable to find column "valid_csv"; valid columns: ["file_name", "file_path", "exists", "error"]
2026-02-10 22:53:57,481 - INFO - Obteniendo archivos del pipeline YAML...
2026-02-10 22:53:57,484 - INFO - Encontrados 3 archivo(s) para analizar
2026-02-10 22:53:57,484 - INFO - Analizando archivo: data\input\cliente.csv
2026-02-10 22:53:57,485 - WARNING - \u2717 cliente.csv: Archivo no encontrado
2026-02-10 22:53:57,485 - INFO - Analizando archivo: data\input\cliente.csv
2026-02-10 22:53:57,485 - WARNING - \u2717 cliente.csv: Archivo no encontrado
2026-02-10 22:53:57,485 - INFO - Analizando archivo: data\input\productos.csv
2026-02-10 22:53:57,485 - WARNING - \u2717 productos.csv: Archivo no encontrado
2026-02-10 22:53:57,485 - INFO - Creando DataFrame con todos los metadatos...
2026-02-10 22:53:57,485 - INFO - Resumen del análisis:
2026-02-10 22:53:57,486 - INFO - - Total archivos procesados: 3
2026-02-10 22:53:57,487 - ERROR - Error en el pipeline principal: unable to find column "valid_csv"; valid columns: ["file_name", "file_path", "exists", "error"]
2026-02-10 22:56:07,328 - INFO - Obteniendo archivos del pipeline YAML...
2026-02-10 22:56:07,331 - INFO - Encontrados 3 archivo(s) para analizar
2026-02-10 22:56:07,331 - INFO - Analizando archivo: data\input\cliente.csv
2026-02-10 22:56:07,331 - WARNING - \u2717 cliente.csv: Archivo no encontrado
2026-02-10 22:56:07,331 - INFO - Analizando archivo: data\input\cliente.csv
2026-02-10 22:56:07,332 - WARNING - \u2717 cliente.csv: Archivo no encontrado
2026-02-10 22:56:07,332 - INFO - Analizando archivo: data\input\productos.csv
2026-02-10 22:56:07,332 - WARNING - \u2717 productos.csv: Archivo no encontrado
2026-02-10 22:56:07,332 - INFO - Creando DataFrame con todos los metadatos...
2026-02-10 22:56:07,350 - INFO - Resumen del análisis:
2026-02-10 22:56:07,350 - INFO - - Total archivos procesados: 3
2026-02-10 22:56:07,372 - INFO - - Archivos CSV válidos: 0
2026-02-10 22:56:07,372 - ERROR - Error exportando metadatos: name 'export_metadata' is not defined
2026-02-10 23:01:01,946 - INFO - Obteniendo archivos del pipeline YAML...
2026-02-10 23:01:01,951 - INFO - Encontrados 3 archivo(s) para analizar
2026-02-10 23:01:01,951 - INFO - Analizando archivo: C:\Users\octmi\OneDrive\Documentos\TI\Project_ETL\data\input\cliente.csv
2026-02-10 23:01:02,172 - INFO - \u2713 cliente.csv: 11 columnas, 480485 filas, 59.51 MB
2026-02-10 23:01:02,172 - INFO - Analizando archivo: C:\Users\octmi\OneDrive\Documentos\TI\Project_ETL\data\input\cliente.csv
2026-02-10 23:01:02,322 - INFO - \u2713 cliente.csv: 11 columnas, 480485 filas, 59.51 MB
2026-02-10 23:01:02,322 - INFO - Analizando archivo: C:\Users\octmi\OneDrive\Documentos\TI\Project_ETL\data\input\productos.csv
2026-02-10 23:01:02,330 - WARNING - \u2717 productos.csv: csv `encoding` must be one of {'utf8', 'utf8-lossy'}, got ascii
2026-02-10 23:01:02,330 - INFO - Creando DataFrame con todos los metadatos...
2026-02-10 23:01:02,336 - INFO - Resumen del análisis:
2026-02-10 23:01:02,336 - INFO - - Total archivos procesados: 3
2026-02-10 23:01:02,339 - INFO - - Archivos CSV válidos: 2
2026-02-10 23:01:02,341 - INFO - - Total filas analizadas: 960970
2026-02-10 23:01:02,341 - INFO - - Total columnas únicas: 22
2026-02-10 23:01:02,356 - ERROR - Error exportando metadatos: CSV format does not support nested data
2026-02-10 23:03:17,181 - INFO - Obteniendo archivos del pipeline YAML...
2026-02-10 23:03:17,184 - INFO - Encontrados 3 archivo(s) para analizar
2026-02-10 23:03:17,184 - INFO - Analizando archivo: C:\Users\octmi\OneDrive\Documentos\TI\Project_ETL\data\input\cliente.csv
2026-02-10 23:03:17,323 - INFO - \u2713 cliente.csv: 11 columnas, 480485 filas, 59.51 MB
2026-02-10 23:03:17,323 - INFO - Analizando archivo: C:\Users\octmi\OneDrive\Documentos\TI\Project_ETL\data\input\cliente.csv
2026-02-10 23:03:17,445 - INFO - \u2713 cliente.csv: 11 columnas, 480485 filas, 59.51 MB
2026-02-10 23:03:17,445 - INFO - Analizando archivo: C:\Users\octmi\OneDrive\Documentos\TI\Project_ETL\data\input\productos.csv
2026-02-10 23:03:17,452 - WARNING - \u2717 productos.csv: csv `encoding` must be one of {'utf8', 'utf8-lossy'}, got ascii
2026-02-10 23:03:17,452 - INFO - Creando DataFrame con todos los metadatos...
2026-02-10 23:03:17,455 - INFO - Resumen del análisis:
2026-02-10 23:03:17,455 - INFO - - Total archivos procesados: 3
2026-02-10 23:03:17,456 - INFO - - Archivos CSV válidos: 2
2026-02-10 23:03:17,457 - INFO - - Total filas analizadas: 960970
2026-02-10 23:03:17,457 - INFO - - Total columnas únicas: 22
2026-02-10 23:03:17,468 - ERROR - Error exportando metadatos: CSV format does not support nested data
2026-02-10 23:04:11,886 - INFO - Obteniendo archivos del pipeline YAML...
2026-02-10 23:04:11,889 - INFO - Encontrados 3 archivo(s) para analizar
2026-02-10 23:04:11,889 - INFO - Analizando archivo: C:\Users\octmi\OneDrive\Documentos\TI\Project_ETL\data\input\cliente.csv
2026-02-10 23:04:12,004 - INFO - \u2713 cliente.csv: 11 columnas, 480485 filas, 59.51 MB
2026-02-10 23:04:12,004 - INFO - Analizando archivo: C:\Users\octmi\OneDrive\Documentos\TI\Project_ETL\data\input\cliente.csv
2026-02-10 23:04:12,110 - INFO - \u2713 cliente.csv: 11 columnas, 480485 filas, 59.51 MB
2026-02-10 23:04:12,110 - INFO - Analizando archivo: C:\Users\octmi\OneDrive\Documentos\TI\Project_ETL\data\input\productos.csv
2026-02-10 23:04:12,115 - WARNING - \u2717 productos.csv: csv `encoding` must be one of {'utf8', 'utf8-lossy'}, got ascii
2026-02-10 23:04:12,115 - INFO - Creando DataFrame con todos los metadatos...
2026-02-10 23:04:12,117 - INFO - Resumen del análisis:
2026-02-10 23:04:12,117 - INFO - - Total archivos procesados: 3
2026-02-10 23:04:12,118 - INFO - - Archivos CSV válidos: 2
2026-02-10 23:04:12,118 - INFO - - Total filas analizadas: 960970
2026-02-10 23:04:12,118 - INFO - - Total columnas únicas: 22
2026-02-10 23:04:12,120 - ERROR - Error exportando metadatos: CSV format does not support nested data
2026-02-10 23:04:49,014 - INFO - Obteniendo archivos del pipeline YAML...
2026-02-10 23:04:49,018 - INFO - Encontrados 3 archivo(s) para analizar
2026-02-10 23:04:49,018 - INFO - Analizando archivo: C:\Users\octmi\OneDrive\Documentos\TI\Project_ETL\data\input\cliente.csv
2026-02-10 23:04:49,134 - INFO - \u2713 cliente.csv: 11 columnas, 480485 filas, 59.51 MB
2026-02-10 23:04:49,134 - INFO - Analizando archivo: C:\Users\octmi\OneDrive\Documentos\TI\Project_ETL\data\input\cliente.csv
2026-02-10 23:04:49,233 - INFO - \u2713 cliente.csv: 11 columnas, 480485 filas, 59.51 MB
2026-02-10 23:04:49,233 - INFO - Analizando archivo: C:\Users\octmi\OneDrive\Documentos\TI\Project_ETL\data\input\productos.csv
2026-02-10 23:04:49,239 - WARNING - \u2717 productos.csv: csv `encoding` must be one of {'utf8', 'utf8-lossy'}, got ascii
2026-02-10 23:04:49,239 - INFO - Creando DataFrame con todos los metadatos...
2026-02-10 23:04:49,242 - INFO - Resumen del análisis:
2026-02-10 23:04:49,242 - INFO - - Total archivos procesados: 3
2026-02-10 23:04:49,243 - INFO - - Archivos CSV válidos: 2
2026-02-10 23:04:49,243 - INFO - - Total filas analizadas: 960970
2026-02-10 23:04:49,243 - INFO - - Total columnas únicas: 22
2026-02-10 23:04:49,244 - ERROR - Error exportando metadatos: CSV format does not support nested data
2026-02-10 23:05:07,895 - INFO - Obteniendo archivos del pipeline YAML...
2026-02-10 23:05:07,909 - INFO - Encontrados 3 archivo(s) para analizar
2026-02-10 23:05:07,909 - INFO - Analizando archivo: C:\Users\octmi\OneDrive\Documentos\TI\Project_ETL\data\input\cliente.csv
2026-02-10 23:05:08,146 - INFO - \u2713 cliente.csv: 11 columnas, 480485 filas, 59.51 MB
2026-02-10 23:05:08,146 - INFO - Analizando archivo: C:\Users\octmi\OneDrive\Documentos\TI\Project_ETL\data\input\cliente.csv
2026-02-10 23:05:08,330 - INFO - \u2713 cliente.csv: 11 columnas, 480485 filas, 59.51 MB
2026-02-10 23:05:08,331 - INFO - Analizando archivo: C:\Users\octmi\OneDrive\Documentos\TI\Project_ETL\data\input\productos.csv
2026-02-10 23:05:08,331 - WARNING - \u2717 productos.csv: Archivo no encontrado
2026-02-10 23:05:08,331 - INFO - Creando DataFrame con todos los metadatos...
2026-02-10 23:05:08,335 - INFO - Resumen del análisis:
2026-02-10 23:05:08,335 - INFO - - Total archivos procesados: 3
2026-02-10 23:05:08,336 - INFO - - Archivos CSV válidos: 2
2026-02-10 23:05:08,336 - INFO - - Total filas analizadas: 960970
2026-02-10 23:05:08,336 - INFO - - Total columnas únicas: 22
2026-02-10 23:05:08,339 - ERROR - Error exportando metadatos: CSV format does not support nested data
2026-02-10 23:06:02,438 - INFO - Obteniendo archivos del pipeline YAML...
2026-02-10 23:06:02,446 - INFO - Encontrados 3 archivo(s) para analizar
2026-02-10 23:06:02,446 - INFO - Analizando archivo: C:\Users\octmi\OneDrive\Documentos\TI\Project_ETL\data\input\cliente.csv
2026-02-10 23:06:02,561 - INFO - \u2713 cliente.csv: 11 columnas, 480485 filas, 59.51 MB
2026-02-10 23:06:02,561 - INFO - Analizando archivo: C:\Users\octmi\OneDrive\Documentos\TI\Project_ETL\data\input\cliente.csv
2026-02-10 23:06:02,658 - INFO - \u2713 cliente.csv: 11 columnas, 480485 filas, 59.51 MB
2026-02-10 23:06:02,658 - INFO - Analizando archivo: C:\Users\octmi\OneDrive\Documentos\TI\Project_ETL\data\input\productos.csv
2026-02-10 23:06:02,665 - WARNING - \u2717 productos.csv: csv `encoding` must be one of {'utf8', 'utf8-lossy'}, got ascii
2026-02-10 23:06:02,665 - INFO - Creando DataFrame con todos los metadatos...
2026-02-10 23:06:02,667 - INFO - Resumen del análisis:
2026-02-10 23:06:02,667 - INFO - - Total archivos procesados: 3
2026-02-10 23:06:02,668 - INFO - - Archivos CSV válidos: 2
2026-02-10 23:06:02,668 - INFO - - Total filas analizadas: 960970
2026-02-10 23:06:02,668 - INFO - - Total columnas únicas: 22
2026-02-10 23:06:02,670 - ERROR - Error exportando metadatos: CSV format does not support nested data
2026-02-10 23:06:40,966 - INFO - Obteniendo archivos del pipeline YAML...
2026-02-10 23:06:40,969 - INFO - Encontrados 3 archivo(s) para analizar
2026-02-10 23:06:40,969 - INFO - Analizando archivo: C:\Users\octmi\OneDrive\Documentos\TI\Project_ETL\data\input\cliente.csv
2026-02-10 23:06:41,080 - INFO - \u2713 cliente.csv: 11 columnas, 480485 filas, 59.51 MB
2026-02-10 23:06:41,081 - INFO - Analizando archivo: C:\Users\octmi\OneDrive\Documentos\TI\Project_ETL\data\input\cliente.csv
2026-02-10 23:06:41,189 - INFO - \u2713 cliente.csv: 11 columnas, 480485 filas, 59.51 MB
2026-02-10 23:06:41,189 - INFO - Analizando archivo: C:\Users\octmi\OneDrive\Documentos\TI\Project_ETL\data\input\productos.csv
2026-02-10 23:06:41,197 - WARNING - \u2717 productos.csv: csv `encoding` must be one of {'utf8', 'utf8-lossy'}, got ascii
2026-02-10 23:06:41,197 - INFO - Creando DataFrame con todos los metadatos...
2026-02-10 23:06:41,200 - INFO - Resumen del análisis:
2026-02-10 23:06:41,200 - INFO - - Total archivos procesados: 3
2026-02-10 23:06:41,201 - INFO - - Archivos CSV válidos: 2
2026-02-10 23:06:41,202 - INFO - - Total filas analizadas: 960970
2026-02-10 23:06:41,202 - INFO - - Total columnas únicas: 22
2026-02-10 23:06:41,203 - ERROR - Error exportando metadatos: CSV format does not support nested data
2026-02-10 23:07:02,421 - INFO - Obteniendo archivos del pipeline YAML...
2026-02-10 23:07:02,424 - INFO - Encontrados 3 archivo(s) para analizar
2026-02-10 23:07:02,424 - INFO - Analizando archivo: C:\Users\octmi\OneDrive\Documentos\TI\Project_ETL\data\input\cliente.csv
2026-02-10 23:07:02,536 - INFO - \u2713 cliente.csv: 11 columnas, 480485 filas, 59.51 MB
2026-02-10 23:07:02,536 - INFO - Analizando archivo: C:\Users\octmi\OneDrive\Documentos\TI\Project_ETL\data\input\cliente.csv
2026-02-10 23:07:02,630 - INFO - \u2713 cliente.csv: 11 columnas, 480485 filas, 59.51 MB
2026-02-10 23:07:02,630 - INFO - Analizando archivo: C:\Users\octmi\OneDrive\Documentos\TI\Project_ETL\data\input\productos.csv
2026-02-10 23:07:02,637 - WARNING - \u2717 productos.csv: csv `encoding` must be one of {'utf8', 'utf8-lossy'}, got ascii
2026-02-10 23:07:02,637 - INFO - Creando DataFrame con todos los metadatos...
2026-02-10 23:07:02,640 - INFO - Resumen del análisis:
2026-02-10 23:07:02,640 - INFO - - Total archivos procesados: 3
2026-02-10 23:07:02,641 - INFO - - Archivos CSV válidos: 2
2026-02-10 23:07:02,641 - INFO - - Total filas analizadas: 960970
2026-02-10 23:07:02,641 - INFO - - Total columnas únicas: 22
2026-02-10 23:07:02,642 - ERROR - Error exportando metadatos: CSV format does not support nested data
2026-02-10 23:11:08,585 - INFO - Obteniendo archivos del pipeline YAML...
2026-02-10 23:11:08,588 - INFO - Encontrados 3 archivo(s) para analizar
2026-02-10 23:11:08,589 - INFO - Analizando archivo: C:\Users\octmi\OneDrive\Documentos\TI\Project_ETL\data\input\cliente.csv
2026-02-10 23:11:08,714 - INFO - \u2713 cliente.csv: 11 columnas, 480485 filas, 59.51 MB
2026-02-10 23:11:08,714 - INFO - Analizando archivo: C:\Users\octmi\OneDrive\Documentos\TI\Project_ETL\data\input\cliente.csv
2026-02-10 23:11:08,818 - INFO - \u2713 cliente.csv: 11 columnas, 480485 filas, 59.51 MB
2026-02-10 23:11:08,819 - INFO - Analizando archivo: C:\Users\octmi\OneDrive\Documentos\TI\Project_ETL\data\input\productos.csv
2026-02-10 23:11:08,823 - WARNING - \u2717 productos.csv: csv `encoding` must be one of {'utf8', 'utf8-lossy'}, got ascii
2026-02-10 23:11:08,823 - INFO - Creando DataFrame con todos los metadatos...
2026-02-10 23:11:08,826 - INFO - Resumen del análisis:
2026-02-10 23:11:08,826 - INFO - - Total archivos procesados: 3
2026-02-10 23:11:08,827 - INFO - - Archivos CSV válidos: 2
2026-02-10 23:11:08,827 - INFO - - Total filas analizadas: 960970
2026-02-10 23:11:08,827 - INFO - - Total columnas únicas: 22
2026-02-10 23:11:08,829 - ERROR - Error exportando metadatos: CSV format does not support nested data
2026-02-10 23:13:17,977 - INFO - Obteniendo archivos del pipeline YAML...
2026-02-10 23:13:17,980 - INFO - Encontrados 3 archivo(s) para analizar
2026-02-10 23:13:17,980 - INFO - Analizando archivo: C:\Users\octmi\OneDrive\Documentos\TI\Project_ETL\data\input\cliente.csv
2026-02-10 23:13:18,089 - INFO - \u2713 cliente.csv: 11 columnas, 480485 filas, 59.51 MB
2026-02-10 23:13:18,089 - INFO - Analizando archivo: C:\Users\octmi\OneDrive\Documentos\TI\Project_ETL\data\input\cliente.csv
2026-02-10 23:13:18,193 - INFO - \u2713 cliente.csv: 11 columnas, 480485 filas, 59.51 MB
2026-02-10 23:13:18,193 - INFO - Analizando archivo: C:\Users\octmi\OneDrive\Documentos\TI\Project_ETL\data\input\productos.csv
2026-02-10 23:13:18,198 - WARNING - \u2717 productos.csv: csv `encoding` must be one of {'utf8', 'utf8-lossy'}, got ascii
2026-02-10 23:13:18,199 - INFO - Creando DataFrame con todos los metadatos...
2026-02-10 23:13:18,201 - INFO - Resumen del análisis:
2026-02-10 23:13:18,201 - INFO - - Total archivos procesados: 3
2026-02-10 23:13:18,202 - INFO - - Archivos CSV válidos: 2
2026-02-10 23:13:18,202 - INFO - - Total filas analizadas: 960970
2026-02-10 23:13:18,202 - INFO - - Total columnas únicas: 22
2026-02-10 23:13:18,203 - ERROR - Error exportando metadatos: CSV format does not support nested data
2026-02-10 23:15:11,019 - INFO - Obteniendo archivos del pipeline YAML...
2026-02-10 23:15:11,026 - INFO - Encontrados 3 archivo(s) para analizar
2026-02-10 23:15:11,027 - INFO - Analizando archivo: C:\Users\octmi\OneDrive\Documentos\TI\Project_ETL\data\input\cliente.csv
2026-02-10 23:15:11,251 - INFO - \u2713 cliente.csv: 11 columnas, 480485 filas, 59.51 MB
2026-02-10 23:15:11,251 - INFO - Analizando archivo: C:\Users\octmi\OneDrive\Documentos\TI\Project_ETL\data\input\cliente.csv
2026-02-10 23:15:11,413 - INFO - \u2713 cliente.csv: 11 columnas, 480485 filas, 59.51 MB
2026-02-10 23:15:11,413 - INFO - Analizando archivo: C:\Users\octmi\OneDrive\Documentos\TI\Project_ETL\data\input\productos.csv
2026-02-10 23:15:11,421 - WARNING - \u2717 productos.csv: csv `encoding` must be one of {'utf8', 'utf8-lossy'}, got ascii
2026-02-10 23:15:11,421 - INFO - Creando DataFrame con todos los metadatos...
2026-02-10 23:15:11,425 - INFO - Resumen del análisis:
2026-02-10 23:15:11,425 - INFO - - Total archivos procesados: 3
2026-02-10 23:15:11,426 - INFO - - Archivos CSV válidos: 2
2026-02-10 23:15:11,426 - INFO - - Total filas analizadas: 960970
2026-02-10 23:15:11,426 - INFO - - Total columnas únicas: 22
2026-02-10 23:15:11,428 - ERROR - Error exportando metadatos: CSV format does not support nested data
2026-02-10 23:15:51,959 - INFO - Obteniendo archivos del pipeline YAML...
2026-02-10 23:15:51,962 - INFO - Encontrados 3 archivo(s) para analizar
2026-02-10 23:15:51,962 - INFO - Analizando archivo: C:\Users\octmi\OneDrive\Documentos\TI\Project_ETL\data\input\cliente.csv
2026-02-10 23:15:52,071 - INFO - \u2713 cliente.csv: 11 columnas, 480485 filas, 59.51 MB
2026-02-10 23:15:52,072 - INFO - Analizando archivo: C:\Users\octmi\OneDrive\Documentos\TI\Project_ETL\data\input\cliente.csv
2026-02-10 23:15:52,164 - INFO - \u2713 cliente.csv: 11 columnas, 480485 filas, 59.51 MB
2026-02-10 23:15:52,164 - INFO - Analizando archivo: C:\Users\octmi\OneDrive\Documentos\TI\Project_ETL\data\input\productos.csv
2026-02-10 23:15:52,170 - WARNING - \u2717 productos.csv: csv `encoding` must be one of {'utf8', 'utf8-lossy'}, got ascii
2026-02-10 23:15:52,170 - INFO - Creando DataFrame con todos los metadatos...
2026-02-10 23:15:52,172 - INFO - Resumen del análisis:
2026-02-10 23:15:52,172 - INFO - - Total archivos procesados: 3
2026-02-10 23:15:52,173 - INFO - - Archivos CSV válidos: 2
2026-02-10 23:15:52,173 - INFO - - Total filas analizadas: 960970
2026-02-10 23:15:52,173 - INFO - - Total columnas únicas: 22
2026-02-10 23:15:52,174 - ERROR - Error exportando metadatos: CSV format does not support nested data
2026-02-10 23:16:18,108 - INFO - Obteniendo archivos del pipeline YAML...
2026-02-10 23:16:18,111 - INFO - Encontrados 3 archivo(s) para analizar
2026-02-10 23:16:18,111 - INFO - Analizando archivo: C:\Users\octmi\OneDrive\Documentos\TI\Project_ETL\data\input\cliente.csv
2026-02-10 23:16:18,227 - INFO - \u2713 cliente.csv: 11 columnas, 480485 filas, 59.51 MB
2026-02-10 23:16:18,227 - INFO - Analizando archivo: C:\Users\octmi\OneDrive\Documentos\TI\Project_ETL\data\input\cliente.csv
2026-02-10 23:16:18,323 - INFO - \u2713 cliente.csv: 11 columnas, 480485 filas, 59.51 MB
2026-02-10 23:16:18,323 - INFO - Analizando archivo: C:\Users\octmi\OneDrive\Documentos\TI\Project_ETL\data\input\productos.csv
2026-02-10 23:16:18,329 - WARNING - \u2717 productos.csv: csv `encoding` must be one of {'utf8', 'utf8-lossy'}, got ascii
2026-02-10 23:16:18,329 - INFO - Creando DataFrame con todos los metadatos...
2026-02-10 23:16:18,331 - INFO - Resumen del análisis:
2026-02-10 23:16:18,332 - INFO - - Total archivos procesados: 3
2026-02-10 23:16:18,332 - INFO - - Archivos CSV válidos: 2
2026-02-10 23:16:18,332 - INFO - - Total filas analizadas: 960970
2026-02-10 23:16:18,333 - INFO - - Total columnas únicas: 22
2026-02-10 23:16:18,334 - ERROR - Error exportando metadatos: CSV format does not support nested data
2026-02-10 23:18:30,641 - INFO - Obteniendo archivos del pipeline YAML...
2026-02-10 23:18:30,648 - INFO - Encontrados 3 archivo(s) para analizar
2026-02-10 23:18:30,648 - INFO - Analizando archivo: C:\Users\octmi\OneDrive\Documentos\TI\Project_ETL\data\input\cliente.csv
2026-02-10 23:18:30,877 - INFO - \u2713 cliente.csv: 11 columnas, 480485 filas, 59.51 MB
2026-02-10 23:18:30,877 - INFO - Analizando archivo: C:\Users\octmi\OneDrive\Documentos\TI\Project_ETL\data\input\cliente.csv
2026-02-10 23:18:31,066 - INFO - \u2713 cliente.csv: 11 columnas, 480485 filas, 59.51 MB
2026-02-10 23:18:31,066 - INFO - Analizando archivo: C:\Users\octmi\OneDrive\Documentos\TI\Project_ETL\data\input\productos.csv
2026-02-10 23:18:31,075 - WARNING - \u2717 productos.csv: csv `encoding` must be one of {'utf8', 'utf8-lossy'}, got ascii
2026-02-10 23:18:31,075 - INFO - Creando DataFrame con todos los metadatos...
2026-02-10 23:18:31,078 - INFO - Resumen del análisis:
2026-02-10 23:18:31,079 - INFO - - Total archivos procesados: 3
2026-02-10 23:18:31,081 - INFO - - Archivos CSV válidos: 2
2026-02-10 23:18:31,081 - INFO - - Total filas analizadas: 960970
2026-02-10 23:18:31,082 - INFO - - Total columnas únicas: 22
2026-02-10 23:18:31,083 - ERROR - Error exportando metadatos: CSV format does not support nested data
